2024-05-13 22:19:15,031 INFO  [main] com.tpe.SpringJwtApplication:Starting SpringJwtApplication using Java 17.0.9 on LAPTOP-UAQ56P49 with PID 13072 (C:\Users\Asus\IdeaProjects\spring-jwt\spring-jwt\target\classes started by Asus in C:\Users\Asus\IdeaProjects\spring-jwt\spring-jwt)
2024-05-13 22:19:15,035 INFO  [main] com.tpe.SpringJwtApplication:No active profile set, falling back to 1 default profile: "default"
2024-05-13 22:19:16,048 INFO  [main] org.springframework.data.repository.config.RepositoryConfigurationDelegate:Bootstrapping Spring Data JPA repositories in DEFAULT mode.
2024-05-13 22:19:16,127 INFO  [main] org.springframework.data.repository.config.RepositoryConfigurationDelegate:Finished Spring Data repository scanning in 68 ms. Found 2 JPA repository interfaces.
2024-05-13 22:19:17,412 INFO  [main] org.springframework.boot.web.embedded.tomcat.TomcatWebServer:Tomcat initialized with port(s): 8080 (http)
2024-05-13 22:19:17,434 INFO  [main] org.apache.catalina.core.StandardService:Starting service [Tomcat]
2024-05-13 22:19:17,435 INFO  [main] org.apache.catalina.core.StandardEngine:Starting Servlet engine: [Apache Tomcat/9.0.58]
2024-05-13 22:19:17,580 INFO  [main] org.apache.catalina.core.ContainerBase.[Tomcat].[localhost].[/]:Initializing Spring embedded WebApplicationContext
2024-05-13 22:19:17,581 INFO  [main] org.springframework.boot.web.servlet.context.ServletWebServerApplicationContext:Root WebApplicationContext: initialization completed in 2473 ms
2024-05-13 22:19:17,822 INFO  [main] org.hibernate.jpa.internal.util.LogHelper:HHH000204: Processing PersistenceUnitInfo [name: default]
2024-05-13 22:19:17,913 INFO  [main] org.hibernate.Version:HHH000412: Hibernate ORM core version 5.6.5.Final
2024-05-13 22:19:18,198 INFO  [main] org.hibernate.annotations.common.Version:HCANN000001: Hibernate Commons Annotations {5.1.2.Final}
2024-05-13 22:19:18,374 INFO  [main] com.zaxxer.hikari.HikariDataSource:HikariPool-1 - Starting...
2024-05-13 22:19:18,655 INFO  [main] com.zaxxer.hikari.HikariDataSource:HikariPool-1 - Start completed.
2024-05-13 22:19:18,695 INFO  [main] org.hibernate.dialect.Dialect:HHH000400: Using dialect: org.hibernate.dialect.PostgreSQLDialect
2024-05-13 22:19:19,692 INFO  [main] org.hibernate.engine.transaction.jta.platform.internal.JtaPlatformInitiator:HHH000490: Using JtaPlatform implementation: [org.hibernate.engine.transaction.jta.platform.internal.NoJtaPlatform]
2024-05-13 22:19:19,703 INFO  [main] org.springframework.orm.jpa.LocalContainerEntityManagerFactoryBean:Initialized JPA EntityManagerFactory for persistence unit 'default'
2024-05-13 22:19:20,253 WARN  [main] org.springframework.boot.autoconfigure.orm.jpa.JpaBaseConfiguration$JpaWebConfiguration:spring.jpa.open-in-view is enabled by default. Therefore, database queries may be performed during view rendering. Explicitly configure spring.jpa.open-in-view to disable this warning
2024-05-13 22:19:20,596 INFO  [main] org.springframework.security.web.DefaultSecurityFilterChain:Will not secure any request
2024-05-13 22:19:21,140 INFO  [main] org.springframework.boot.web.embedded.tomcat.TomcatWebServer:Tomcat started on port(s): 8080 (http) with context path ''
2024-05-13 22:19:21,152 INFO  [main] com.tpe.SpringJwtApplication:Started SpringJwtApplication in 6.813 seconds (JVM running for 7.516)
2024-05-13 22:24:30,867 INFO  [http-nio-8080-exec-2] org.apache.catalina.core.ContainerBase.[Tomcat].[localhost].[/]:Initializing Spring DispatcherServlet 'dispatcherServlet'
2024-05-13 23:03:11,392 INFO  [SpringApplicationShutdownHook] org.springframework.orm.jpa.LocalContainerEntityManagerFactoryBean:Closing JPA EntityManagerFactory for persistence unit 'default'
2024-05-13 23:03:11,398 INFO  [SpringApplicationShutdownHook] com.zaxxer.hikari.HikariDataSource:HikariPool-1 - Shutdown initiated...
2024-05-13 23:03:11,410 INFO  [SpringApplicationShutdownHook] com.zaxxer.hikari.HikariDataSource:HikariPool-1 - Shutdown completed.
2024-05-13 23:07:08,932 INFO  [main] com.tpe.SpringJwtApplication:Starting SpringJwtApplication using Java 17.0.9 on LAPTOP-UAQ56P49 with PID 5992 (C:\Users\Asus\IdeaProjects\spring-jwt\spring-jwt\target\classes started by Asus in C:\Users\Asus\IdeaProjects\spring-jwt\spring-jwt)
2024-05-13 23:07:08,938 INFO  [main] com.tpe.SpringJwtApplication:No active profile set, falling back to 1 default profile: "default"
2024-05-13 23:07:10,469 INFO  [main] org.springframework.data.repository.config.RepositoryConfigurationDelegate:Bootstrapping Spring Data JPA repositories in DEFAULT mode.
2024-05-13 23:07:10,583 INFO  [main] org.springframework.data.repository.config.RepositoryConfigurationDelegate:Finished Spring Data repository scanning in 101 ms. Found 2 JPA repository interfaces.
2024-05-13 23:07:12,062 INFO  [main] org.springframework.boot.web.embedded.tomcat.TomcatWebServer:Tomcat initialized with port(s): 8080 (http)
2024-05-13 23:07:12,087 INFO  [main] org.apache.catalina.core.StandardService:Starting service [Tomcat]
2024-05-13 23:07:12,089 INFO  [main] org.apache.catalina.core.StandardEngine:Starting Servlet engine: [Apache Tomcat/9.0.58]
2024-05-13 23:07:12,263 INFO  [main] org.apache.catalina.core.ContainerBase.[Tomcat].[localhost].[/]:Initializing Spring embedded WebApplicationContext
2024-05-13 23:07:12,264 INFO  [main] org.springframework.boot.web.servlet.context.ServletWebServerApplicationContext:Root WebApplicationContext: initialization completed in 3233 ms
2024-05-13 23:07:12,554 INFO  [main] org.hibernate.jpa.internal.util.LogHelper:HHH000204: Processing PersistenceUnitInfo [name: default]
2024-05-13 23:07:12,643 INFO  [main] org.hibernate.Version:HHH000412: Hibernate ORM core version 5.6.5.Final
2024-05-13 23:07:12,944 INFO  [main] org.hibernate.annotations.common.Version:HCANN000001: Hibernate Commons Annotations {5.1.2.Final}
2024-05-13 23:07:13,384 INFO  [main] com.zaxxer.hikari.HikariDataSource:HikariPool-1 - Starting...
2024-05-13 23:07:13,692 INFO  [main] com.zaxxer.hikari.HikariDataSource:HikariPool-1 - Start completed.
2024-05-13 23:07:13,718 INFO  [main] org.hibernate.dialect.Dialect:HHH000400: Using dialect: org.hibernate.dialect.PostgreSQLDialect
2024-05-13 23:07:15,212 INFO  [main] org.hibernate.engine.transaction.jta.platform.internal.JtaPlatformInitiator:HHH000490: Using JtaPlatform implementation: [org.hibernate.engine.transaction.jta.platform.internal.NoJtaPlatform]
2024-05-13 23:07:15,223 INFO  [main] org.springframework.orm.jpa.LocalContainerEntityManagerFactoryBean:Initialized JPA EntityManagerFactory for persistence unit 'default'
2024-05-13 23:07:15,843 WARN  [main] org.springframework.boot.autoconfigure.orm.jpa.JpaBaseConfiguration$JpaWebConfiguration:spring.jpa.open-in-view is enabled by default. Therefore, database queries may be performed during view rendering. Explicitly configure spring.jpa.open-in-view to disable this warning
2024-05-13 23:07:16,777 INFO  [main] org.springframework.security.web.DefaultSecurityFilterChain:Will not secure any request
2024-05-13 23:07:18,203 INFO  [main] org.springframework.boot.web.embedded.tomcat.TomcatWebServer:Tomcat started on port(s): 8080 (http) with context path ''
2024-05-13 23:07:18,238 INFO  [main] com.tpe.SpringJwtApplication:Started SpringJwtApplication in 10.221 seconds (JVM running for 10.989)
2024-05-13 23:08:10,532 INFO  [SpringApplicationShutdownHook] org.springframework.orm.jpa.LocalContainerEntityManagerFactoryBean:Closing JPA EntityManagerFactory for persistence unit 'default'
2024-05-13 23:08:10,539 INFO  [SpringApplicationShutdownHook] com.zaxxer.hikari.HikariDataSource:HikariPool-1 - Shutdown initiated...
2024-05-13 23:08:10,551 INFO  [SpringApplicationShutdownHook] com.zaxxer.hikari.HikariDataSource:HikariPool-1 - Shutdown completed.
2024-05-13 23:08:49,536 INFO  [main] com.tpe.SpringJwtApplication:Starting SpringJwtApplication using Java 17.0.9 on LAPTOP-UAQ56P49 with PID 3900 (C:\Users\Asus\IdeaProjects\spring-jwt\spring-jwt\target\classes started by Asus in C:\Users\Asus\IdeaProjects\spring-jwt\spring-jwt)
2024-05-13 23:08:49,541 INFO  [main] com.tpe.SpringJwtApplication:No active profile set, falling back to 1 default profile: "default"
2024-05-13 23:08:51,153 INFO  [main] org.springframework.data.repository.config.RepositoryConfigurationDelegate:Bootstrapping Spring Data JPA repositories in DEFAULT mode.
2024-05-13 23:08:51,260 INFO  [main] org.springframework.data.repository.config.RepositoryConfigurationDelegate:Finished Spring Data repository scanning in 88 ms. Found 2 JPA repository interfaces.
2024-05-13 23:08:53,247 INFO  [main] org.springframework.boot.web.embedded.tomcat.TomcatWebServer:Tomcat initialized with port(s): 8080 (http)
2024-05-13 23:08:53,279 INFO  [main] org.apache.catalina.core.StandardService:Starting service [Tomcat]
2024-05-13 23:08:53,279 INFO  [main] org.apache.catalina.core.StandardEngine:Starting Servlet engine: [Apache Tomcat/9.0.58]
2024-05-13 23:08:53,501 INFO  [main] org.apache.catalina.core.ContainerBase.[Tomcat].[localhost].[/]:Initializing Spring embedded WebApplicationContext
2024-05-13 23:08:53,502 INFO  [main] org.springframework.boot.web.servlet.context.ServletWebServerApplicationContext:Root WebApplicationContext: initialization completed in 3876 ms
2024-05-13 23:08:53,780 INFO  [main] org.hibernate.jpa.internal.util.LogHelper:HHH000204: Processing PersistenceUnitInfo [name: default]
2024-05-13 23:08:53,863 INFO  [main] org.hibernate.Version:HHH000412: Hibernate ORM core version 5.6.5.Final
2024-05-13 23:08:54,139 INFO  [main] org.hibernate.annotations.common.Version:HCANN000001: Hibernate Commons Annotations {5.1.2.Final}
2024-05-13 23:08:54,304 INFO  [main] com.zaxxer.hikari.HikariDataSource:HikariPool-1 - Starting...
2024-05-13 23:08:54,584 INFO  [main] com.zaxxer.hikari.HikariDataSource:HikariPool-1 - Start completed.
2024-05-13 23:08:54,609 INFO  [main] org.hibernate.dialect.Dialect:HHH000400: Using dialect: org.hibernate.dialect.PostgreSQLDialect
2024-05-13 23:08:55,769 INFO  [main] org.hibernate.engine.transaction.jta.platform.internal.JtaPlatformInitiator:HHH000490: Using JtaPlatform implementation: [org.hibernate.engine.transaction.jta.platform.internal.NoJtaPlatform]
2024-05-13 23:08:55,780 INFO  [main] org.springframework.orm.jpa.LocalContainerEntityManagerFactoryBean:Initialized JPA EntityManagerFactory for persistence unit 'default'
2024-05-13 23:08:56,414 WARN  [main] org.springframework.boot.autoconfigure.orm.jpa.JpaBaseConfiguration$JpaWebConfiguration:spring.jpa.open-in-view is enabled by default. Therefore, database queries may be performed during view rendering. Explicitly configure spring.jpa.open-in-view to disable this warning
2024-05-13 23:08:57,008 INFO  [main] org.springframework.security.web.DefaultSecurityFilterChain:Will not secure any request
2024-05-13 23:08:57,839 INFO  [main] org.springframework.boot.web.embedded.tomcat.TomcatWebServer:Tomcat started on port(s): 8080 (http) with context path ''
2024-05-13 23:08:57,857 INFO  [main] com.tpe.SpringJwtApplication:Started SpringJwtApplication in 9.173 seconds (JVM running for 9.895)
2024-05-13 23:10:19,981 INFO  [http-nio-8080-exec-2] org.apache.catalina.core.ContainerBase.[Tomcat].[localhost].[/]:Initializing Spring DispatcherServlet 'dispatcherServlet'
2024-05-13 23:42:00,735 INFO  [SpringApplicationShutdownHook] org.springframework.orm.jpa.LocalContainerEntityManagerFactoryBean:Closing JPA EntityManagerFactory for persistence unit 'default'
2024-05-13 23:42:00,740 INFO  [SpringApplicationShutdownHook] com.zaxxer.hikari.HikariDataSource:HikariPool-1 - Shutdown initiated...
2024-05-13 23:42:00,751 INFO  [SpringApplicationShutdownHook] com.zaxxer.hikari.HikariDataSource:HikariPool-1 - Shutdown completed.
